Using pre-set license
Built from '2021.1/staging' branch; Version is '2021.1.7f1 (d91830b65d9b) revision 14227504'; Using compiler version '192528614'; Build Type 'Release'
OS: 'Windows 10 Home; OS build 19041.1052; Version 2004; 64bit' Language: 'fr' Physical Memory: 16338 MB
BatchMode: 1, IsHumanControllingUs: 0, StartBugReporterOnCrash: 0, Is64bit: 1, IsPro: 0

 COMMAND LINE ARGUMENTS:
D:\Program Files (x86)\2021.1.7f1\Editor\Unity.exe
-adb2
-batchMode
-noUpm
-name
AssetImportWorker0
-projectPath
D:/Documents/Cours/3Axes/Shaders/Shaders_Cours
-logFile
Logs/AssetImportWorker0.log
-srvPort
60772
Successfully changed project path to: D:/Documents/Cours/3Axes/Shaders/Shaders_Cours
D:/Documents/Cours/3Axes/Shaders/Shaders_Cours
Using Asset Import Pipeline V2.
Refreshing native plugins compatible for Editor in 61.30 ms, found 1 plugins.
Preloading 0 native plugins for Editor in 0.00 ms.
Initialize engine version: 2021.1.7f1 (d91830b65d9b)
[Subsystems] Discovering subsystems at path D:/Program Files (x86)/2021.1.7f1/Editor/Data/Resources/UnitySubsystems
[Subsystems] Discovering subsystems at path D:/Documents/Cours/3Axes/Shaders/Shaders_Cours/Assets
GfxDevice: creating device client; threaded=0; jobified=0
Direct3D:
    Version:  Direct3D 11.0 [level 11.1]
    Renderer: NVIDIA GeForce GTX 1070 Ti (ID=0x1b82)
    Vendor:   NVIDIA
    VRAM:     8079 MB
    Driver:   27.21.14.6663
Initialize mono
Mono path[0] = 'D:/Program Files (x86)/2021.1.7f1/Editor/Data/Managed'
Mono path[1] = 'D:/Program Files (x86)/2021.1.7f1/Editor/Data/MonoBleedingEdge/lib/mono/unityjit'
Mono config path = 'D:/Program Files (x86)/2021.1.7f1/Editor/Data/MonoBleedingEdge/etc'
Using monoOptions --debugger-agent=transport=dt_socket,embedding=1,server=y,suspend=n,address=127.0.0.1:56176
Begin MonoManager ReloadAssembly
Registering precompiled unity dll's ...
Register platform support module: D:/Program Files (x86)/2021.1.7f1/Editor/Data/PlaybackEngines/WindowsStandaloneSupport/UnityEditor.WindowsStandalone.Extensions.dll
Registered in 0.000844 seconds.
Native extension for WindowsStandalone target not found
Refreshing native plugins compatible for Editor in 84.44 ms, found 1 plugins.
Preloading 0 native plugins for Editor in 0.00 ms.
Mono: successfully reloaded assembly
- Completed reload, in  0.838 seconds
Platform modules already initialized, skipping
Registering precompiled user dll's ...
Registered in 0.001475 seconds.
Begin MonoManager ReloadAssembly
Symbol file LoadedFromMemory doesn't match image D:\Documents\Cours\3Axes\Shaders\Shaders_Cours\Library\PackageCache\com.unity.visualscripting@1.6.1\Editor\VisualScripting.Core\Dependencies\YamlDotNet\Unity.VisualScripting.YamlDotNet.dll
Symbol file LoadedFromMemory doesn't match image D:\Documents\Cours\3Axes\Shaders\Shaders_Cours\Library\PackageCache\com.unity.visualscripting@1.6.1\Editor\VisualScripting.Core\Dependencies\DotNetZip\Unity.VisualScripting.IonicZip.dll
Native extension for WindowsStandalone target not found
Refreshing native plugins compatible for Editor in 0.42 ms, found 1 plugins.
Preloading 0 native plugins for Editor in 0.00 ms.
Mono: successfully reloaded assembly
- Completed reload, in  0.826 seconds
Platform modules already initialized, skipping
========================================================================
Worker process is ready to serve import requests
Launched and connected shader compiler UnityShaderCompiler.exe after 0.03 seconds
Refreshing native plugins compatible for Editor in 0.46 ms, found 1 plugins.
Preloading 0 native plugins for Editor in 0.00 ms.
Unloading 2674 Unused Serialized files (Serialized files now loaded: 0)
System memory in use before: 99.4 MB.
System memory in use after: 99.6 MB.

Unloading 14 unused Assets to reduce memory usage. Loaded Objects now: 3128.
Total: 1.909000 ms (FindLiveObjects: 0.209400 ms CreateObjectMapping: 0.093800 ms MarkObjects: 1.537700 ms  DeleteObjects: 0.067400 ms)

========================================================================
Received Import Request.
  path: Assets/Materials/Reflexion.shader
  artifactKey: Guid(58ec79cb08aad8e418c88bcb9b66e074) Importer(815301076,1909f56bfc062723c751e8b465ee728b)
Start importing Assets/Materials/Reflexion.shader using Guid(58ec79cb08aad8e418c88bcb9b66e074) Importer(815301076,1909f56bfc062723c751e8b465ee728b)  -> (artifact id: 'c4b638602a69ecf4164a1d0fcc4ede6e') in 0.032889 seconds 
========================================================================
Received Prepare
Registering precompiled user dll's ...
Registered in 0.016912 seconds.
Begin MonoManager ReloadAssembly
Symbol file LoadedFromMemory doesn't match image D:\Documents\Cours\3Axes\Shaders\Shaders_Cours\Library\PackageCache\com.unity.visualscripting@1.6.1\Editor\VisualScripting.Core\Dependencies\YamlDotNet\Unity.VisualScripting.YamlDotNet.dll
Symbol file LoadedFromMemory doesn't match image D:\Documents\Cours\3Axes\Shaders\Shaders_Cours\Library\PackageCache\com.unity.visualscripting@1.6.1\Editor\VisualScripting.Core\Dependencies\DotNetZip\Unity.VisualScripting.IonicZip.dll
Native extension for WindowsStandalone target not found
Refreshing native plugins compatible for Editor in 0.41 ms, found 1 plugins.
Preloading 0 native plugins for Editor in 0.00 ms.
Mono: successfully reloaded assembly
- Completed reload, in  0.857 seconds
Platform modules already initialized, skipping
Refreshing native plugins compatible for Editor in 0.43 ms, found 1 plugins.
Preloading 0 native plugins for Editor in 0.00 ms.
Unloading 2662 Unused Serialized files (Serialized files now loaded: 0)
System memory in use before: 98.7 MB.
System memory in use after: 98.9 MB.

Unloading 9 unused Assets to reduce memory usage. Loaded Objects now: 3131.
Total: 1.776500 ms (FindLiveObjects: 0.199900 ms CreateObjectMapping: 0.100300 ms MarkObjects: 1.427500 ms  DeleteObjects: 0.048100 ms)

========================================================================
Received Prepare
Registering precompiled user dll's ...
Registered in 0.001490 seconds.
Begin MonoManager ReloadAssembly
Symbol file LoadedFromMemory doesn't match image D:\Documents\Cours\3Axes\Shaders\Shaders_Cours\Library\PackageCache\com.unity.visualscripting@1.6.1\Editor\VisualScripting.Core\Dependencies\YamlDotNet\Unity.VisualScripting.YamlDotNet.dll
Symbol file LoadedFromMemory doesn't match image D:\Documents\Cours\3Axes\Shaders\Shaders_Cours\Library\PackageCache\com.unity.visualscripting@1.6.1\Editor\VisualScripting.Core\Dependencies\DotNetZip\Unity.VisualScripting.IonicZip.dll
Native extension for WindowsStandalone target not found
Refreshing native plugins compatible for Editor in 0.42 ms, found 1 plugins.
Preloading 0 native plugins for Editor in 0.00 ms.
Mono: successfully reloaded assembly
- Completed reload, in  0.741 seconds
Platform modules already initialized, skipping
Refreshing native plugins compatible for Editor in 0.44 ms, found 1 plugins.
Preloading 0 native plugins for Editor in 0.00 ms.
Unloading 2662 Unused Serialized files (Serialized files now loaded: 0)
System memory in use before: 98.8 MB.
System memory in use after: 99.0 MB.

Unloading 9 unused Assets to reduce memory usage. Loaded Objects now: 3134.
Total: 1.824100 ms (FindLiveObjects: 0.197400 ms CreateObjectMapping: 0.091900 ms MarkObjects: 1.487300 ms  DeleteObjects: 0.047000 ms)

========================================================================
Received Prepare
Registering precompiled user dll's ...
Registered in 0.001437 seconds.
Begin MonoManager ReloadAssembly
Symbol file LoadedFromMemory doesn't match image D:\Documents\Cours\3Axes\Shaders\Shaders_Cours\Library\PackageCache\com.unity.visualscripting@1.6.1\Editor\VisualScripting.Core\Dependencies\YamlDotNet\Unity.VisualScripting.YamlDotNet.dll
Symbol file LoadedFromMemory doesn't match image D:\Documents\Cours\3Axes\Shaders\Shaders_Cours\Library\PackageCache\com.unity.visualscripting@1.6.1\Editor\VisualScripting.Core\Dependencies\DotNetZip\Unity.VisualScripting.IonicZip.dll
Native extension for WindowsStandalone target not found
Refreshing native plugins compatible for Editor in 0.42 ms, found 1 plugins.
Preloading 0 native plugins for Editor in 0.00 ms.
Mono: successfully reloaded assembly
- Completed reload, in  0.696 seconds
Platform modules already initialized, skipping
Refreshing native plugins compatible for Editor in 0.45 ms, found 1 plugins.
Preloading 0 native plugins for Editor in 0.00 ms.
Unloading 2662 Unused Serialized files (Serialized files now loaded: 0)
System memory in use before: 98.8 MB.
System memory in use after: 99.0 MB.

Unloading 9 unused Assets to reduce memory usage. Loaded Objects now: 3137.
Total: 1.715800 ms (FindLiveObjects: 0.197500 ms CreateObjectMapping: 0.087700 ms MarkObjects: 1.379700 ms  DeleteObjects: 0.049800 ms)

========================================================================
Received Import Request.
  Time since last request: 1142.698394 seconds.
  path: Assets/Materials/Brouillard.shader
  artifactKey: Guid(b86585793139ae4449185c376b4a6c13) Importer(815301076,1909f56bfc062723c751e8b465ee728b)
Start importing Assets/Materials/Brouillard.shader using Guid(b86585793139ae4449185c376b4a6c13) Importer(815301076,1909f56bfc062723c751e8b465ee728b)  -> (artifact id: 'bea2a468b1697f756a05d25d37ac8df4') in 0.019538 seconds 
========================================================================
Received Import Request.
  Time since last request: 49.841673 seconds.
  path: Assets/Materials/Brouillard.shader
  artifactKey: Guid(b86585793139ae4449185c376b4a6c13) Importer(815301076,1909f56bfc062723c751e8b465ee728b)
Start importing Assets/Materials/Brouillard.shader using Guid(b86585793139ae4449185c376b4a6c13) Importer(815301076,1909f56bfc062723c751e8b465ee728b)  -> (artifact id: '87571f9442a6d27961a28d3c98ed12d8') in 0.001921 seconds 
========================================================================
Received Prepare
Registering precompiled user dll's ...
Registered in 0.001414 seconds.
Begin MonoManager ReloadAssembly
Symbol file LoadedFromMemory doesn't match image D:\Documents\Cours\3Axes\Shaders\Shaders_Cours\Library\PackageCache\com.unity.visualscripting@1.6.1\Editor\VisualScripting.Core\Dependencies\YamlDotNet\Unity.VisualScripting.YamlDotNet.dll
Symbol file LoadedFromMemory doesn't match image D:\Documents\Cours\3Axes\Shaders\Shaders_Cours\Library\PackageCache\com.unity.visualscripting@1.6.1\Editor\VisualScripting.Core\Dependencies\DotNetZip\Unity.VisualScripting.IonicZip.dll
Native extension for WindowsStandalone target not found
Refreshing native plugins compatible for Editor in 0.41 ms, found 1 plugins.
Preloading 0 native plugins for Editor in 0.00 ms.
Mono: successfully reloaded assembly
- Completed reload, in  0.711 seconds
Platform modules already initialized, skipping
Refreshing native plugins compatible for Editor in 0.42 ms, found 1 plugins.
Preloading 0 native plugins for Editor in 0.00 ms.
Unloading 2663 Unused Serialized files (Serialized files now loaded: 0)
System memory in use before: 98.9 MB.
System memory in use after: 99.1 MB.

Unloading 10 unused Assets to reduce memory usage. Loaded Objects now: 3140.
Total: 1.842000 ms (FindLiveObjects: 0.189400 ms CreateObjectMapping: 0.087100 ms MarkObjects: 1.511700 ms  DeleteObjects: 0.053400 ms)

========================================================================
Received Import Request.
  Time since last request: 2896.151060 seconds.
  path: Assets/Materials/Transparent.shader
  artifactKey: Guid(0b731d9af02c9264ea691cafb960140a) Importer(815301076,1909f56bfc062723c751e8b465ee728b)
Start importing Assets/Materials/Transparent.shader using Guid(0b731d9af02c9264ea691cafb960140a) Importer(815301076,1909f56bfc062723c751e8b465ee728b)  -> (artifact id: 'afb3978f46a9c9e50c5bf90843053244') in 0.018344 seconds 
========================================================================
Received Import Request.
  Time since last request: 220.012476 seconds.
  path: Assets/Materials/Transparent.shader
  artifactKey: Guid(0b731d9af02c9264ea691cafb960140a) Importer(815301076,1909f56bfc062723c751e8b465ee728b)
Start importing Assets/Materials/Transparent.shader using Guid(0b731d9af02c9264ea691cafb960140a) Importer(815301076,1909f56bfc062723c751e8b465ee728b)  -> (artifact id: '3f266730b494f5354f8b4f8d5cb4d164') in 0.002182 seconds 
========================================================================
Received Prepare
Registering precompiled user dll's ...
Registered in 0.001407 seconds.
Begin MonoManager ReloadAssembly
Symbol file LoadedFromMemory doesn't match image D:\Documents\Cours\3Axes\Shaders\Shaders_Cours\Library\PackageCache\com.unity.visualscripting@1.6.1\Editor\VisualScripting.Core\Dependencies\YamlDotNet\Unity.VisualScripting.YamlDotNet.dll
Symbol file LoadedFromMemory doesn't match image D:\Documents\Cours\3Axes\Shaders\Shaders_Cours\Library\PackageCache\com.unity.visualscripting@1.6.1\Editor\VisualScripting.Core\Dependencies\DotNetZip\Unity.VisualScripting.IonicZip.dll
Native extension for WindowsStandalone target not found
Refreshing native plugins compatible for Editor in 0.41 ms, found 1 plugins.
Preloading 0 native plugins for Editor in 0.00 ms.
Mono: successfully reloaded assembly
- Completed reload, in  0.717 seconds
Platform modules already initialized, skipping
Refreshing native plugins compatible for Editor in 0.42 ms, found 1 plugins.
Preloading 0 native plugins for Editor in 0.00 ms.
Unloading 2664 Unused Serialized files (Serialized files now loaded: 0)
System memory in use before: 99.1 MB.
System memory in use after: 99.2 MB.

Unloading 11 unused Assets to reduce memory usage. Loaded Objects now: 3143.
Total: 1.707100 ms (FindLiveObjects: 0.185500 ms CreateObjectMapping: 0.103100 ms MarkObjects: 1.346800 ms  DeleteObjects: 0.070800 ms)

========================================================================
Received Prepare
Registering precompiled user dll's ...
Registered in 0.001411 seconds.
Begin MonoManager ReloadAssembly
Symbol file LoadedFromMemory doesn't match image D:\Documents\Cours\3Axes\Shaders\Shaders_Cours\Library\PackageCache\com.unity.visualscripting@1.6.1\Editor\VisualScripting.Core\Dependencies\YamlDotNet\Unity.VisualScripting.YamlDotNet.dll
Symbol file LoadedFromMemory doesn't match image D:\Documents\Cours\3Axes\Shaders\Shaders_Cours\Library\PackageCache\com.unity.visualscripting@1.6.1\Editor\VisualScripting.Core\Dependencies\DotNetZip\Unity.VisualScripting.IonicZip.dll
Native extension for WindowsStandalone target not found
Refreshing native plugins compatible for Editor in 0.41 ms, found 1 plugins.
Preloading 0 native plugins for Editor in 0.00 ms.
Mono: successfully reloaded assembly
- Completed reload, in  0.707 seconds
Platform modules already initialized, skipping
Refreshing native plugins compatible for Editor in 0.43 ms, found 1 plugins.
Preloading 0 native plugins for Editor in 0.00 ms.
Unloading 2664 Unused Serialized files (Serialized files now loaded: 0)
System memory in use before: 99.1 MB.
System memory in use after: 99.2 MB.

Unloading 11 unused Assets to reduce memory usage. Loaded Objects now: 3146.
Total: 1.760700 ms (FindLiveObjects: 0.193700 ms CreateObjectMapping: 0.081500 ms MarkObjects: 1.424100 ms  DeleteObjects: 0.060600 ms)

========================================================================
Received Prepare
Registering precompiled user dll's ...
Registered in 0.001842 seconds.
Begin MonoManager ReloadAssembly
Symbol file LoadedFromMemory doesn't match image D:\Documents\Cours\3Axes\Shaders\Shaders_Cours\Library\PackageCache\com.unity.visualscripting@1.6.1\Editor\VisualScripting.Core\Dependencies\YamlDotNet\Unity.VisualScripting.YamlDotNet.dll
Symbol file LoadedFromMemory doesn't match image D:\Documents\Cours\3Axes\Shaders\Shaders_Cours\Library\PackageCache\com.unity.visualscripting@1.6.1\Editor\VisualScripting.Core\Dependencies\DotNetZip\Unity.VisualScripting.IonicZip.dll
Native extension for WindowsStandalone target not found
Refreshing native plugins compatible for Editor in 0.43 ms, found 1 plugins.
Preloading 0 native plugins for Editor in 0.00 ms.
Mono: successfully reloaded assembly
- Completed reload, in  0.718 seconds
Platform modules already initialized, skipping
Refreshing native plugins compatible for Editor in 0.46 ms, found 1 plugins.
Preloading 0 native plugins for Editor in 0.00 ms.
Unloading 2664 Unused Serialized files (Serialized files now loaded: 0)
System memory in use before: 99.1 MB.
System memory in use after: 99.2 MB.

Unloading 11 unused Assets to reduce memory usage. Loaded Objects now: 3149.
Total: 1.767900 ms (FindLiveObjects: 0.198400 ms CreateObjectMapping: 0.083400 ms MarkObjects: 1.423900 ms  DeleteObjects: 0.061500 ms)

========================================================================
Received Prepare
Registering precompiled user dll's ...
Registered in 0.001528 seconds.
Begin MonoManager ReloadAssembly
Symbol file LoadedFromMemory doesn't match image D:\Documents\Cours\3Axes\Shaders\Shaders_Cours\Library\PackageCache\com.unity.visualscripting@1.6.1\Editor\VisualScripting.Core\Dependencies\YamlDotNet\Unity.VisualScripting.YamlDotNet.dll
Symbol file LoadedFromMemory doesn't match image D:\Documents\Cours\3Axes\Shaders\Shaders_Cours\Library\PackageCache\com.unity.visualscripting@1.6.1\Editor\VisualScripting.Core\Dependencies\DotNetZip\Unity.VisualScripting.IonicZip.dll
Native extension for WindowsStandalone target not found
Refreshing native plugins compatible for Editor in 0.42 ms, found 1 plugins.
Preloading 0 native plugins for Editor in 0.00 ms.
Mono: successfully reloaded assembly
- Completed reload, in  0.725 seconds
Platform modules already initialized, skipping
Refreshing native plugins compatible for Editor in 0.42 ms, found 1 plugins.
Preloading 0 native plugins for Editor in 0.00 ms.
Unloading 2664 Unused Serialized files (Serialized files now loaded: 0)
System memory in use before: 99.1 MB.
System memory in use after: 99.3 MB.

Unloading 11 unused Assets to reduce memory usage. Loaded Objects now: 3152.
Total: 1.708200 ms (FindLiveObjects: 0.191900 ms CreateObjectMapping: 0.114100 ms MarkObjects: 1.337400 ms  DeleteObjects: 0.063500 ms)

========================================================================
Received Import Request.
  Time since last request: 472.520875 seconds.
  path: Assets/Materials/CelShading.shader
  artifactKey: Guid(bd9ade2a6d3d2a64094e46ad60835cde) Importer(815301076,1909f56bfc062723c751e8b465ee728b)
Start importing Assets/Materials/CelShading.shader using Guid(bd9ade2a6d3d2a64094e46ad60835cde) Importer(815301076,1909f56bfc062723c751e8b465ee728b)  -> (artifact id: '2d99e086b4945ece6978d26928684461') in 0.049019 seconds 
========================================================================
Received Import Request.
  Time since last request: 93.258502 seconds.
  path: Assets/Materials/Fresnel.shader
  artifactKey: Guid(5dae713024acf394dbdf15275f4cf585) Importer(815301076,1909f56bfc062723c751e8b465ee728b)
Start importing Assets/Materials/Fresnel.shader using Guid(5dae713024acf394dbdf15275f4cf585) Importer(815301076,1909f56bfc062723c751e8b465ee728b)  -> (artifact id: 'b640ac5def3d1178c06379538ac16bd3') in 0.006947 seconds 
========================================================================
Received Import Request.
  Time since last request: 156.204972 seconds.
  path: Assets/Materials/Brouillard.shader
  artifactKey: Guid(b86585793139ae4449185c376b4a6c13) Importer(815301076,1909f56bfc062723c751e8b465ee728b)
Start importing Assets/Materials/Brouillard.shader using Guid(b86585793139ae4449185c376b4a6c13) Importer(815301076,1909f56bfc062723c751e8b465ee728b)  -> (artifact id: '09a0702d788a9c2b86543ca9a3d64944') in 0.002196 seconds 
AssetImportWorkerClient::OnTransportError - code=2 error=End of file
